<?xml version="1.0" encoding="UTF-8"?>
<!-- Generated by org.testng.reporters.JUnitReportReporter -->
<testsuite hostname="DESKTOP-9MCKVCH" failures="0" tests="1" name="Testing.Test1" time="0.013" errors="0" timestamp="2020-05-25T18:53:49 PKT" skipped="0">
  <testcase classname="Testing.Test1" name="newtest" time="0.013"/>
</testsuite> <!-- Testing.Test1 -->
