<?xml version="1.0" encoding="UTF-8"?>
<!-- Generated by org.testng.reporters.JUnitReportReporter -->
<testsuite hostname="DESKTOP-9MCKVCH" failures="0" tests="1" name="Testing.Testing2$NewTests" time="21.472" errors="0" timestamp="2020-05-25T19:19:34 PKT" skipped="0">
  <testcase classname="Testing.Testing2$NewTests" name="open" time="21.472"/>
</testsuite> <!-- Testing.Testing2$NewTests -->
